2023-10-02 19:47:45,910 - INFO - Create training objects...
2023-10-02 19:47:47,673 - INFO - Start training...
2023-10-02 19:48:03,010 - INFO - epoch: 0/150, lr: 0.001, train_loss: 125.55769720944491, val_loss: 1357.964165938528
2023-10-02 19:48:17,035 - INFO - epoch: 1/150, lr: 0.001, train_loss: 83.45719508691268, val_loss: 211.9107850727282
2023-10-02 19:48:30,350 - INFO - epoch: 2/150, lr: 0.001, train_loss: 72.77857767451893, val_loss: 58.758654845388314
2023-10-02 19:48:44,066 - INFO - epoch: 3/150, lr: 0.001, train_loss: 66.16301729462363, val_loss: 60.6731649699964
2023-10-02 19:48:57,238 - INFO - epoch: 4/150, lr: 0.001, train_loss: 60.63280141353607, val_loss: 580.178028307463
2023-10-02 19:49:10,677 - INFO - epoch: 5/150, lr: 0.001, train_loss: 57.78958665240895, val_loss: 51.97901023061652
2023-10-02 19:49:24,115 - INFO - epoch: 6/150, lr: 0.001, train_loss: 65.56544761224227, val_loss: 32.41795938893368
2023-10-02 19:49:37,937 - INFO - epoch: 7/150, lr: 0.001, train_loss: 49.24556137215007, val_loss: 83.69914024754574
2023-10-02 19:49:51,435 - INFO - epoch: 8/150, lr: 0.001, train_loss: 61.494799380952664, val_loss: 73.47160640515779
2023-10-02 19:50:04,842 - INFO - epoch: 9/150, lr: 0.001, train_loss: 47.664711117744446, val_loss: 31.02051541679784
2023-10-02 19:50:18,224 - INFO - epoch: 10/150, lr: 0.001, train_loss: 59.16128369894895, val_loss: 68.14242955258018
2023-10-02 19:50:31,558 - INFO - epoch: 11/150, lr: 0.001, train_loss: 53.71739692579616, val_loss: 29.09938627795169
2023-10-02 19:50:44,865 - INFO - epoch: 12/150, lr: 0.001, train_loss: 45.71118243174119, val_loss: 28.689758526651485
2023-10-02 19:50:57,798 - INFO - epoch: 13/150, lr: 0.001, train_loss: 52.90073583342812, val_loss: 42.18341501135575
2023-10-02 19:51:11,123 - INFO - epoch: 14/150, lr: 0.001, train_loss: 54.1413761919195, val_loss: 38.07523652126915
2023-10-02 19:51:24,140 - INFO - epoch: 15/150, lr: 0.001, train_loss: 50.735467769882895, val_loss: 27.89871547096654
2023-10-02 19:51:36,898 - INFO - epoch: 16/150, lr: 0.001, train_loss: 50.370039224624634, val_loss: 27.618013758408395
2023-10-02 19:51:49,745 - INFO - epoch: 17/150, lr: 0.001, train_loss: 55.75644872405312, val_loss: 32.8712413687455
2023-10-02 19:52:03,011 - INFO - epoch: 18/150, lr: 0.001, train_loss: 53.33694624900818, val_loss: 34.43142981278269
2023-10-02 19:52:15,750 - INFO - epoch: 19/150, lr: 0.001, train_loss: 61.81925434415991, val_loss: 29.27413963016711
2023-10-02 19:52:28,516 - INFO - epoch: 20/150, lr: 0.001, train_loss: 54.273758389733054, val_loss: 30.56091675005461
2023-10-02 19:52:41,117 - INFO - epoch: 21/150, lr: 0.001, train_loss: 54.04768975756385, val_loss: 31.010385839562666
2023-10-02 19:52:53,456 - INFO - epoch: 22/150, lr: 0.001, train_loss: 53.32691729339686, val_loss: 31.92347330796091
2023-10-02 19:53:05,922 - INFO - epoch: 23/150, lr: 0.001, train_loss: 49.54072207754309, val_loss: 32.58343039060894
2023-10-02 19:53:18,357 - INFO - epoch: 24/150, lr: 0.001, train_loss: 59.890085285360165, val_loss: 34.87698469663921
2023-10-02 19:53:30,913 - INFO - epoch: 25/150, lr: 0.001, train_loss: 56.20403714613481, val_loss: 25.14946642674898
2023-10-02 19:53:43,611 - INFO - epoch: 26/150, lr: 0.001, train_loss: 43.295309310609646, val_loss: 41.25407705808941
2023-10-02 19:53:56,150 - INFO - epoch: 27/150, lr: 0.001, train_loss: 44.58458183028481, val_loss: 41.386757398906504
2023-10-02 19:54:08,448 - INFO - epoch: 28/150, lr: 0.001, train_loss: 40.99819028377533, val_loss: 30.83801111422087
2023-10-02 19:54:21,438 - INFO - epoch: 29/150, lr: 0.001, train_loss: 48.35034027966586, val_loss: 30.13545544523942
2023-10-02 19:54:33,846 - INFO - epoch: 30/150, lr: 0.001, train_loss: 49.80443863435225, val_loss: 25.773875964315312
2023-10-02 19:54:46,670 - INFO - epoch: 31/150, lr: 0.001, train_loss: 45.371020961891524, val_loss: 25.28141652910333
2023-10-02 19:54:59,461 - INFO - epoch: 32/150, lr: 0.001, train_loss: 43.7633203024214, val_loss: 30.644263819644326
2023-10-02 19:55:12,307 - INFO - epoch: 33/150, lr: 0.001, train_loss: 53.27869480306452, val_loss: 54.35739035355417
2023-10-02 19:55:25,422 - INFO - epoch: 34/150, lr: 0.001, train_loss: 46.03987397930839, val_loss: 26.875291749050742
2023-10-02 19:55:38,206 - INFO - epoch: 35/150, lr: 0.001, train_loss: 48.11011220650239, val_loss: 37.76873949954384
2023-10-02 19:55:51,051 - INFO - epoch: 36/150, lr: 0.001, train_loss: 42.797805886376985, val_loss: 40.71747569033974
2023-10-02 19:56:04,159 - INFO - epoch: 37/150, lr: 0.001, train_loss: 41.22324576702985, val_loss: 26.364026433543156
2023-10-02 19:56:16,778 - INFO - epoch: 38/150, lr: 0.001, train_loss: 45.70707547664642, val_loss: 27.22726217069124
2023-10-02 19:56:29,953 - INFO - epoch: 39/150, lr: 0.001, train_loss: 51.49954715642062, val_loss: 28.496196408020822
2023-10-02 19:56:42,640 - INFO - epoch: 40/150, lr: 0.001, train_loss: 48.207149332219906, val_loss: 24.924073834168283
2023-10-02 19:56:55,569 - INFO - epoch: 41/150, lr: 0.001, train_loss: 40.588772654533386, val_loss: 35.26212366631157
2023-10-02 19:57:08,804 - INFO - epoch: 42/150, lr: 0.001, train_loss: 41.776463562791996, val_loss: 33.51628034993222
2023-10-02 19:57:21,485 - INFO - epoch: 43/150, lr: 0.001, train_loss: 40.58764862743291, val_loss: 27.882987549430446
2023-10-02 19:57:34,748 - INFO - epoch: 44/150, lr: 0.001, train_loss: 52.04025495594198, val_loss: 34.05141519245348
2023-10-02 19:57:47,419 - INFO - epoch: 45/150, lr: 0.001, train_loss: 44.04784286022186, val_loss: 25.564098395799334
2023-10-02 19:58:00,471 - INFO - epoch: 46/150, lr: 0.001, train_loss: 61.20138683102348, val_loss: 37.23605160964163
2023-10-02 19:58:13,483 - INFO - epoch: 47/150, lr: 0.001, train_loss: 42.08260463042693, val_loss: 25.214080647418374
2023-10-02 19:58:26,513 - INFO - epoch: 48/150, lr: 0.001, train_loss: 47.168953185731716, val_loss: 26.552671407398424
2023-10-02 19:58:39,450 - INFO - epoch: 49/150, lr: 0.001, train_loss: 52.80151232264259, val_loss: 33.7559565744902
2023-10-02 19:58:52,181 - INFO - epoch: 50/150, lr: 0.001, train_loss: 42.973279015584424, val_loss: 27.330893573008087
2023-10-02 19:59:04,983 - INFO - epoch: 51/150, lr: 0.001, train_loss: 45.32857218249278, val_loss: 26.254917270258854
2023-10-02 19:59:18,048 - INFO - epoch: 52/150, lr: 0.001, train_loss: 39.298837287859484, val_loss: 27.326824790553044
2023-10-02 19:59:30,605 - INFO - epoch: 53/150, lr: 0.001, train_loss: 43.29782711375844, val_loss: 31.649208344911273
2023-10-02 19:59:43,224 - INFO - epoch: 54/150, lr: 0.001, train_loss: 48.30624833432111, val_loss: 28.456054637306615
2023-10-02 19:59:56,129 - INFO - epoch: 55/150, lr: 0.001, train_loss: 45.31472823565657, val_loss: 43.24258101613898
2023-10-02 20:00:09,272 - INFO - epoch: 56/150, lr: 0.001, train_loss: 44.58182360909202, val_loss: 35.9100271275169
2023-10-02 20:00:22,119 - INFO - epoch: 57/150, lr: 0.001, train_loss: 50.811273889108136, val_loss: 26.74712945285596
2023-10-02 20:00:35,242 - INFO - epoch: 58/150, lr: 0.001, train_loss: 47.317691174420446, val_loss: 41.12022430018375
2023-10-02 20:00:48,858 - INFO - epoch: 59/150, lr: 0.001, train_loss: 50.12274271249771, val_loss: 25.68723382447895
2023-10-02 20:01:02,113 - INFO - epoch: 60/150, lr: 0.001, train_loss: 45.718815760179, val_loss: 32.81590060183876
2023-10-02 20:01:15,522 - INFO - epoch: 61/150, lr: 0.0001, train_loss: 42.29680527340282, val_loss: 34.44455559630143
2023-10-02 20:01:28,810 - INFO - epoch: 62/150, lr: 0.0001, train_loss: 49.88524790243669, val_loss: 27.546316560946014
2023-10-02 20:01:41,900 - INFO - epoch: 63/150, lr: 0.0001, train_loss: 40.60092407464981, val_loss: 26.35167065419649
2023-10-02 20:01:55,561 - INFO - epoch: 64/150, lr: 0.0001, train_loss: 36.26381780884483, val_loss: 25.282873956780683
2023-10-02 20:02:09,265 - INFO - epoch: 65/150, lr: 0.0001, train_loss: 37.186299592256546, val_loss: 22.272118882129067
2023-10-02 20:02:22,673 - INFO - epoch: 66/150, lr: 0.0001, train_loss: 42.045158272439785, val_loss: 24.061808793168318
2023-10-02 20:02:36,015 - INFO - epoch: 67/150, lr: 0.0001, train_loss: 37.30134308880026, val_loss: 24.397576808929443
2023-10-02 20:02:49,110 - INFO - epoch: 68/150, lr: 0.0001, train_loss: 39.2983932170001, val_loss: 23.22289918598376
2023-10-02 20:03:02,088 - INFO - epoch: 69/150, lr: 0.0001, train_loss: 40.99069478024136, val_loss: 31.106387790880706
2023-10-02 20:03:14,827 - INFO - epoch: 70/150, lr: 0.0001, train_loss: 37.526995144107126, val_loss: 26.287608454101964
2023-10-02 20:03:27,996 - INFO - epoch: 71/150, lr: 0.0001, train_loss: 30.162314582954753, val_loss: 22.081997131046496
2023-10-02 20:03:40,791 - INFO - epoch: 72/150, lr: 0.0001, train_loss: 34.91880012100393, val_loss: 23.56314161263014
2023-10-02 20:03:53,850 - INFO - epoch: 73/150, lr: 0.0001, train_loss: 34.77862607890909, val_loss: 23.6157868786862
2023-10-02 20:04:06,771 - INFO - epoch: 74/150, lr: 0.0001, train_loss: 38.17247316512194, val_loss: 23.717964599007054
2023-10-02 20:04:19,814 - INFO - epoch: 75/150, lr: 0.0001, train_loss: 37.05621909282424, val_loss: 24.02612721606305
2023-10-02 20:04:32,616 - INFO - epoch: 76/150, lr: 0.0001, train_loss: 38.99276114593852, val_loss: 26.48922420802869
2023-10-02 20:04:45,268 - INFO - epoch: 77/150, lr: 0.0001, train_loss: 35.41989602283998, val_loss: 30.360922374223406
2023-10-02 20:04:58,116 - INFO - epoch: 78/150, lr: 0.0001, train_loss: 35.437408211556345, val_loss: 23.363346714722482
2023-10-02 20:05:11,228 - INFO - epoch: 79/150, lr: 0.0001, train_loss: 38.830799926411025, val_loss: 23.40525827909771
2023-10-02 20:05:24,257 - INFO - epoch: 80/150, lr: 0.0001, train_loss: 31.23022961074656, val_loss: 23.299508151255157
2023-10-02 20:05:37,079 - INFO - epoch: 81/150, lr: 0.0001, train_loss: 34.26419883424585, val_loss: 23.53979734370583
2023-10-02 20:05:49,864 - INFO - epoch: 82/150, lr: 0.0001, train_loss: 32.20108362761411, val_loss: 22.776762861954538
2023-10-02 20:06:02,983 - INFO - epoch: 83/150, lr: 0.0001, train_loss: 27.883683849464763, val_loss: 22.54624995432402
2023-10-02 20:06:15,882 - INFO - epoch: 84/150, lr: 0.0001, train_loss: 39.4839805635539, val_loss: 22.368377440854122
2023-10-02 20:06:28,797 - INFO - epoch: 85/150, lr: 0.0001, train_loss: 32.93144234202125, val_loss: 23.7956482485721
2023-10-02 20:06:41,650 - INFO - epoch: 86/150, lr: 0.0001, train_loss: 31.009145411578093, val_loss: 23.73775953995554
2023-10-02 20:06:54,349 - INFO - epoch: 87/150, lr: 0.0001, train_loss: 37.13309400596402, val_loss: 25.14027163856908
2023-10-02 20:07:07,049 - INFO - epoch: 88/150, lr: 0.0001, train_loss: 31.06853731653907, val_loss: 26.597620964050293
2023-10-02 20:07:20,247 - INFO - epoch: 89/150, lr: 0.0001, train_loss: 31.188956626436926, val_loss: 24.172232678062038
2023-10-02 20:07:33,041 - INFO - epoch: 90/150, lr: 0.0001, train_loss: 36.261666201732375, val_loss: 23.026062043089617
2023-10-02 20:07:45,636 - INFO - epoch: 91/150, lr: 0.0001, train_loss: 28.948634852062572, val_loss: 22.741642839030217
2023-10-02 20:07:58,623 - INFO - epoch: 92/150, lr: 1e-05, train_loss: 28.943805266510356, val_loss: 25.10866968255294
2023-10-02 20:08:11,434 - INFO - epoch: 93/150, lr: 1e-05, train_loss: 30.390049273317512, val_loss: 25.000251657084416
2023-10-02 20:08:24,469 - INFO - epoch: 94/150, lr: 1e-05, train_loss: 29.0592853047631, val_loss: 26.10068847003736
2023-10-02 20:08:37,259 - INFO - epoch: 95/150, lr: 1e-05, train_loss: 28.827157007022336, val_loss: 23.32234646144666
2023-10-02 20:08:50,563 - INFO - epoch: 96/150, lr: 1e-05, train_loss: 28.936899361285295, val_loss: 22.76816433354428
2023-10-02 20:09:03,378 - INFO - epoch: 97/150, lr: 1e-05, train_loss: 28.621685629541222, val_loss: 25.78643468806618
2023-10-02 20:09:15,981 - INFO - epoch: 98/150, lr: 1e-05, train_loss: 25.80582384900613, val_loss: 26.814792940491124
2023-10-02 20:09:28,540 - INFO - epoch: 99/150, lr: 1e-05, train_loss: 39.4618736017834, val_loss: 23.168372235800092
2023-10-02 20:09:41,491 - INFO - epoch: 100/150, lr: 1e-05, train_loss: 26.92095032876188, val_loss: 23.014575738655893
2023-10-02 20:09:53,890 - INFO - epoch: 101/150, lr: 1e-05, train_loss: 28.57209285145456, val_loss: 23.05826759338379
2023-10-02 20:10:06,572 - INFO - epoch: 102/150, lr: 1e-05, train_loss: 27.77630423415791, val_loss: 23.658309811039974
2023-10-02 20:10:19,445 - INFO - epoch: 103/150, lr: 1e-05, train_loss: 29.310990393161774, val_loss: 24.51995393476988
2023-10-02 20:10:32,334 - INFO - epoch: 104/150, lr: 1e-05, train_loss: 27.628802654418077, val_loss: 23.91020625515988
2023-10-02 20:10:44,703 - INFO - epoch: 105/150, lr: 1e-05, train_loss: 31.03170768781142, val_loss: 25.54812411258095
2023-10-02 20:10:57,304 - INFO - epoch: 106/150, lr: 1e-05, train_loss: 25.750143514438108, val_loss: 22.224868548543828
2023-10-02 20:11:10,075 - INFO - epoch: 107/150, lr: 1e-05, train_loss: 27.935205283490095, val_loss: 25.106139107754355
2023-10-02 20:11:22,833 - INFO - epoch: 108/150, lr: 1e-05, train_loss: 29.757759565656837, val_loss: 31.754548524555407
2023-10-02 20:11:35,492 - INFO - epoch: 109/150, lr: 1e-05, train_loss: 29.424629189751364, val_loss: 25.30798436466016
2023-10-02 20:11:48,125 - INFO - epoch: 110/150, lr: 1e-05, train_loss: 32.78296988660639, val_loss: 23.629403001383732
2023-10-02 20:12:00,765 - INFO - epoch: 111/150, lr: 1e-05, train_loss: 28.1560871926221, val_loss: 22.746293105577166
2023-10-02 20:12:13,523 - INFO - epoch: 112/150, lr: 1e-05, train_loss: 27.35500484163111, val_loss: 24.452995137164468
2023-10-02 20:12:25,921 - INFO - epoch: 113/150, lr: 1.0000000000000002e-06, train_loss: 29.33200377361341, val_loss: 23.814905580721405
2023-10-02 20:12:38,709 - INFO - epoch: 114/150, lr: 1.0000000000000002e-06, train_loss: 27.808339121666823, val_loss: 24.04888769827391
2023-10-02 20:12:51,293 - INFO - epoch: 115/150, lr: 1.0000000000000002e-06, train_loss: 27.051843509078026, val_loss: 22.557123108914023
2023-10-02 20:13:03,885 - INFO - epoch: 116/150, lr: 1.0000000000000002e-06, train_loss: 28.934759462421592, val_loss: 20.255045370051736
2023-10-02 20:13:16,330 - INFO - epoch: 117/150, lr: 1.0000000000000002e-06, train_loss: 28.798268161036752, val_loss: 22.618474997972186
2023-10-02 20:13:29,208 - INFO - epoch: 118/150, lr: 1.0000000000000002e-06, train_loss: 26.28966531428424, val_loss: 23.036873955475656
2023-10-02 20:13:41,354 - INFO - epoch: 119/150, lr: 1.0000000000000002e-06, train_loss: 27.10401374643499, val_loss: 23.10030803241228
2023-10-02 20:13:54,089 - INFO - epoch: 120/150, lr: 1.0000000000000002e-06, train_loss: 30.10665088891983, val_loss: 23.145473793933267
2023-10-02 20:14:06,783 - INFO - epoch: 121/150, lr: 1.0000000000000002e-06, train_loss: 25.708335383371875, val_loss: 22.11854435268201
2023-10-02 20:14:19,685 - INFO - epoch: 122/150, lr: 1.0000000000000002e-06, train_loss: 27.31031833453612, val_loss: 24.71013533441644
2023-10-02 20:14:32,330 - INFO - epoch: 123/150, lr: 1.0000000000000002e-06, train_loss: 24.586411554705013, val_loss: 26.005123389394658
2023-10-02 20:14:45,356 - INFO - epoch: 124/150, lr: 1.0000000000000002e-06, train_loss: 24.51400421966206, val_loss: 22.193497457002337
2023-10-02 20:14:57,981 - INFO - epoch: 125/150, lr: 1.0000000000000002e-06, train_loss: 25.782622946934268, val_loss: 23.37712371976752
2023-10-02 20:15:11,000 - INFO - epoch: 126/150, lr: 1.0000000000000002e-06, train_loss: 26.492265343666077, val_loss: 23.91693235698499
2023-10-02 20:15:23,783 - INFO - epoch: 127/150, lr: 1.0000000000000002e-06, train_loss: 26.32664584300735, val_loss: 23.25230638604415
2023-10-02 20:15:36,241 - INFO - epoch: 128/150, lr: 1.0000000000000002e-06, train_loss: 24.957750951701943, val_loss: 22.942452229951556
2023-10-02 20:15:48,948 - INFO - epoch: 129/150, lr: 1.0000000000000002e-06, train_loss: 27.667823351242326, val_loss: 24.078706967203242
2023-10-02 20:16:01,656 - INFO - epoch: 130/150, lr: 1.0000000000000002e-06, train_loss: 28.27579052610831, val_loss: 24.53565856971239
2023-10-02 20:16:14,192 - INFO - epoch: 131/150, lr: 1.0000000000000002e-06, train_loss: 28.024441063404083, val_loss: 22.498821431084682
2023-10-02 20:16:26,624 - INFO - epoch: 132/150, lr: 1.0000000000000002e-06, train_loss: 26.292207089337435, val_loss: 23.480080328489606
2023-10-02 20:16:39,230 - INFO - epoch: 133/150, lr: 1.0000000000000002e-06, train_loss: 25.95606591213833, val_loss: 24.41974665616688
2023-10-02 20:16:51,875 - INFO - epoch: 134/150, lr: 1.0000000000000002e-06, train_loss: 23.38582581281662, val_loss: 24.697952841457568
2023-10-02 20:17:04,969 - INFO - epoch: 135/150, lr: 1.0000000000000002e-06, train_loss: 26.52377772602168, val_loss: 22.01874724187349
2023-10-02 20:17:17,794 - INFO - epoch: 136/150, lr: 1.0000000000000002e-06, train_loss: 22.071368748491462, val_loss: 24.078861964376348
2023-10-02 20:17:30,498 - INFO - epoch: 137/150, lr: 1.0000000000000002e-07, train_loss: 29.122504512017425, val_loss: 25.56845752816451
2023-10-02 20:17:43,284 - INFO - epoch: 138/150, lr: 1.0000000000000002e-07, train_loss: 23.87894119186835, val_loss: 23.186420233626116
2023-10-02 20:17:56,087 - INFO - epoch: 139/150, lr: 1.0000000000000002e-07, train_loss: 27.815263604575936, val_loss: 24.08349665842558
2023-10-02 20:18:09,094 - INFO - epoch: 140/150, lr: 1.0000000000000002e-07, train_loss: 26.345837823369287, val_loss: 24.521293866006953
2023-10-02 20:18:21,570 - INFO - epoch: 141/150, lr: 1.0000000000000002e-07, train_loss: 25.57462613690983, val_loss: 24.32211973165211
2023-10-02 20:18:34,506 - INFO - epoch: 142/150, lr: 1.0000000000000002e-07, train_loss: 26.88918977433985, val_loss: 24.688135448255036
2023-10-02 20:18:47,054 - INFO - epoch: 143/150, lr: 1.0000000000000002e-07, train_loss: 28.091590499336068, val_loss: 22.75873183576684
2023-10-02 20:19:00,185 - INFO - epoch: 144/150, lr: 1.0000000000000002e-07, train_loss: 23.976549500768837, val_loss: 23.200201448641327
2023-10-02 20:19:13,096 - INFO - epoch: 145/150, lr: 1.0000000000000002e-07, train_loss: 27.868159938942302, val_loss: 23.990247920939797
2023-10-02 20:19:25,864 - INFO - epoch: 146/150, lr: 1.0000000000000002e-07, train_loss: 28.552617075768385, val_loss: 22.336678040655034
2023-10-02 20:19:38,763 - INFO - epoch: 147/150, lr: 1.0000000000000002e-07, train_loss: 27.288820467211984, val_loss: 22.30580779753233
2023-10-02 20:19:51,380 - INFO - epoch: 148/150, lr: 1.0000000000000002e-07, train_loss: 29.575994540344585, val_loss: 23.773505188916857
2023-10-02 20:20:04,230 - INFO - epoch: 149/150, lr: 1.0000000000000002e-07, train_loss: 25.60251158340411, val_loss: 24.594906016399985
